Mon Nov 19 21:20:28 2018	Helsinki	ACG1V.HE	24799380	3.8EUR	3.73EUR	3.72EUR	-0.0EUR(-2.11%)
Mon Nov 19 21:20:35 2018	Helsinki	STCBV.HE	191026384	2.61EUR	2.605EUR	2.63EUR	0.0EUR(0.77%)
Mon Nov 19 21:20:35 2018	Helsinki	KOJAMO.HE	2273724672	9.149EUR	9.184EUR	9.2EUR	0.0EUR(0.56%)
Mon Nov 19 21:20:35 2018	Helsinki	RAMI.HE	607997568	5.75EUR	5.785EUR	5.6EUR	-0.0EUR(-2.61%)
Mon Nov 19 21:20:36 2018	Helsinki	ATG1V.HE	682689024	28.9EUR	28.2EUR	28.5EUR	-0.0EUR(-1.38%)
Mon Nov 19 21:20:36 2018	Helsinki	CTY1S.HE	1567277696	1.768EUR	1.767EUR	1.761EUR	-0.0EUR(-0.4%)
Mon Nov 19 21:20:36 2018	Helsinki	AFAGR.HE	211271840	0.82EUR	0.819EUR	0.812EUR	-0.0EUR(-0.98%)
Mon Nov 19 21:20:36 2018	Helsinki	OUT1V.HE	1573956096	3.755EUR	3.783EUR	3.838EUR	0.0EUR(2.21%)
Mon Nov 19 21:20:36 2018	Helsinki	TRH1V.HE	8859171	0.085EUR	0.085EUR	0.083EUR	-0.0EUR(-2.35%)
Mon Nov 19 21:20:36 2018	Helsinki	EXL1V.HE	52702820	4.4EUR	4.57EUR	4.43EUR	0.0EUR(0.68%)
Mon Nov 19 21:20:36 2018	Helsinki	SIEVI.HE	76250328	1.31EUR	1.32EUR	1.32EUR	0.0EUR(0.76%)
Mon Nov 19 21:20:36 2018	Helsinki	ICP1V.HE	32913382	7.6EUR	7.72EUR	7.54EUR	-0.0EUR(-0.79%)
Mon Nov 19 21:20:36 2018	Helsinki	NESTE.HE	17954150400	71.96EUR	71.94EUR	70.18EUR	-2.0EUR(-2.47%)
Mon Nov 19 21:20:43 2018	Helsinki	ATRAV.HE	232290304	8.23EUR	8.28EUR	8.25EUR	0.0EUR(0.24%)
Mon Nov 19 21:20:43 2018	Helsinki	AKTIA.HE	443696800	9.58EUR	9.58EUR	9.54EUR	-0.0EUR(-0.42%)
Mon Nov 19 21:20:43 2018	Helsinki	FIA1S.HE	895572992	7.245EUR	7.255EUR	7EUR	-0.0EUR(-3.38%)
Mon Nov 19 21:20:43 2018	Helsinki	DIGIA.HE	78280224	2.97EUR	2.95EUR	2.93EUR	-0.0EUR(-1.35%)
Mon Nov 19 21:20:43 2018	Helsinki	SIILI.HE	58802684	8.5EUR	8.52EUR	8.4EUR	-0.0EUR(-1.18%)
Mon Nov 19 21:20:44 2018	Helsinki	TTALO.HE	1192024576	9.165EUR	9.17EUR	9.31EUR	0.0EUR(1.58%)
Mon Nov 19 21:20:44 2018	Helsinki	NIXU.HE	61300136	8.56EUR	8.48EUR	8.48EUR	-0.0EUR(-0.93%)
Mon Nov 19 21:20:44 2018	Helsinki	KSLAV.HE	99067584	9.26EUR	9.2EUR	9.24EUR	-0.0EUR(-0.22%)
Mon Nov 19 21:20:44 2018	Helsinki	RAP1V.HE	127614920	3.32EUR	3.38EUR	3.33EUR	0.0EUR(0.3%)
Mon Nov 19 21:20:44 2018	Helsinki	OVARO.HE	51344568	5.326EUR	5.29EUR	5.349EUR	0.0EUR(0.43%)
Mon Nov 19 21:20:44 2018	Helsinki	IFA1V.HE	16682760	0.47EUR	0.47EUR	0.461EUR	-0.0EUR(-1.91%)
Mon Nov 19 21:20:44 2018	Helsinki	STEAV.HE	10212097024	13.4EUR	13.6EUR	13.75EUR	0.0EUR(2.61%)
Mon Nov 19 21:20:50 2018	Helsinki	TULAV.HE	8215212	0.1365EUR	0.139EUR	0.1375EUR	0.0EUR(0.73%)
Mon Nov 19 21:20:51 2018	Helsinki	BAS1V.HE	490735616	34.3EUR	34EUR	34EUR	-0.0EUR(-0.87%)
Mon Nov 19 21:20:51 2018	Helsinki	LAT1V.HE	609117568	15.82EUR	16.36EUR	15.86EUR	0.0EUR(0.25%)
Mon Nov 19 21:20:51 2018	Helsinki	ALBAV.HE	212261408	14EUR	14EUR	14.1EUR	0.0EUR(0.71%)
Mon Nov 19 21:20:51 2018	Helsinki	RAUTE.HE	109990296	25.6EUR	25.7EUR	25.8EUR	0.0EUR(0.78%)
Mon Nov 19 21:20:51 2018	Helsinki	NLG1V.HE	15045476	0.343EUR	0.348EUR	0.34EUR	-0.0EUR(-0.87%)
Mon Nov 19 21:20:52 2018	Helsinki	PIHLIS.HE	224617600	9.9EUR	9.91EUR	9.93EUR	0.0EUR(0.3%)
Mon Nov 19 21:20:52 2018	Helsinki	ILK2S.HE	98744800	3.82EUR	3.86EUR	3.85EUR	0.0EUR(0.79%)
Mon Nov 19 21:20:52 2018	Helsinki	DIGIGR.HE	35806264	0.0554EUR	0.055EUR	0.055EUR	-0.0EUR(-0.72%)
Mon Nov 19 21:20:52 2018	Helsinki	SUY1V.HE	132816216	2.3EUR	2.22EUR	2.31EUR	0.0EUR(0.43%)
Mon Nov 19 21:20:52 2018	Helsinki	FORTUM.HE	16744342528	18.855EUR	18.9EUR	18.85EUR	-0.0EUR(-0.03%)
Mon Nov 19 21:20:52 2018	Helsinki	SILMA.HE	70531560	4.87EUR	4.85EUR	4.95EUR	0.0EUR(1.64%)
Mon Nov 19 21:20:59 2018	Helsinki	UPM.HE	13898423296	26.27EUR	26.9EUR	26.06EUR	-0.0EUR(-0.8%)
Mon Nov 19 21:21:00 2018	Helsinki	DNA.HE	2372892928	18.41EUR	18.44EUR	17.96EUR	-0.0EUR(-2.44%)
Mon Nov 19 21:21:00 2018	Helsinki	SOLTEQ.HE	27125632	1.43EUR	1.405EUR	1.405EUR	-0.0EUR(-1.75%)
Mon Nov 19 21:21:00 2018	Helsinki	INVEST.HE	37958004	6.25EUR	6.3EUR	6.3EUR	0.0EUR(0.8%)
Mon Nov 19 21:21:00 2018	Helsinki	FSC1V.HE	390575200	2.435EUR	2.445EUR	2.48EUR	0.0EUR(1.85%)
Mon Nov 19 21:21:00 2018	Helsinki	PIZZA.HE	101619200	16.25EUR	16.15EUR	16EUR	-0.0EUR(-1.54%)
Mon Nov 19 21:21:01 2018	Helsinki	TAALA.HE	221915904	8.1EUR	8.02EUR	7.84EUR	-0.0EUR(-3.21%)
Mon Nov 19 21:21:01 2018	Helsinki	LEHTO.HE	297661600	5.02EUR	5.07EUR	5.11EUR	0.0EUR(1.79%)
Mon Nov 19 21:21:01 2018	Helsinki	BIOBV.HE	50388240	3.37EUR	3.37EUR	3.37EUR	0.0EUR(0.0%)
Mon Nov 19 21:21:01 2018	Helsinki	ALBBV.HE	209967104	13.35EUR	13.45EUR	13.3EUR	-0.0EUR(-0.37%)
Mon Nov 19 21:21:01 2018	Helsinki	REG1V.HE	328012256	13.92EUR	13.94EUR	13.7EUR	-0.0EUR(-1.58%)
Mon Nov 19 21:21:01 2018	Helsinki	NOKIA.HE	28210135040	5.108EUR	5.112EUR	5.044EUR	-0.0EUR(-1.25%)
Mon Nov 19 21:21:08 2018	Helsinki	TELIA1.HE	16881788928	4.01EUR	4.01EUR	3.981EUR	-0.0EUR(-0.72%)
Mon Nov 19 21:21:08 2018	Helsinki	BITTI.HE	209519072	6.02EUR	6.04EUR	5.87EUR	-0.0EUR(-2.49%)
Mon Nov 19 21:21:08 2018	Helsinki	MARAS.HE	14084568	3.37EUR	3.37EUR	3.4EUR	0.0EUR(0.89%)
Mon Nov 19 21:21:08 2018	Helsinki	RESTA.HE	167377344	8.94EUR	9EUR	8.88EUR	-0.0EUR(-0.67%)
Mon Nov 19 21:21:08 2018	Helsinki	ALMA.HE	548741248	6.8EUR	6.78EUR	6.68EUR	-0.0EUR(-1.76%)
Mon Nov 19 21:21:08 2018	Helsinki	SOPRA.HE	6162160	0.399EUR	0.4EUR	0.34EUR	-0.0EUR(-14.79%)
Mon Nov 19 21:21:09 2018	Helsinki	NRE1V.HE	3760261632	27.18EUR	27.24EUR	27.29EUR	0.0EUR(0.4%)
Mon Nov 19 21:21:09 2018	Helsinki	DOV1V.HE	23143774	0.233EUR	0.23EUR	0.233EUR	0.0EUR(0.0%)
Mon Nov 19 21:21:09 2018	Helsinki	UPONOR.HE	665780096	9.105EUR	9.115EUR	9.125EUR	0.0EUR(0.22%)
Mon Nov 19 21:21:09 2018	Helsinki	KAMUX.HE	259917456	6.42EUR	6.5EUR	6.5EUR	0.0EUR(1.25%)
Mon Nov 19 21:21:09 2018	Helsinki	FSKRS.HE	1348215424	16.44EUR	16.6EUR	16.52EUR	0.0EUR(0.49%)
Mon Nov 19 21:21:09 2018	Helsinki	PKK1V.HE	83866576	6.75EUR	6.75EUR	6.7EUR	-0.0EUR(-0.74%)
Mon Nov 19 21:21:16 2018	Helsinki	OKDAV.HE	447521920	2.46EUR	2.46EUR	2.45EUR	-0.0EUR(-0.41%)
Mon Nov 19 21:21:16 2018	Helsinki	EFO1V.HE	7839945	0.1525EUR	0.1535EUR	0.15EUR	-0.0EUR(-1.64%)
Mon Nov 19 21:21:16 2018	Helsinki	GLA1V.HE	79837824	0.415EUR	0.415EUR	0.414EUR	-0.0EUR(-0.24%)
Mon Nov 19 21:21:16 2018	Helsinki	UUTEC.HE	21414144	0.379EUR	0.379EUR	0.379EUR	0.0EUR(0.0%)
Mon Nov 19 21:21:16 2018	Helsinki	KCR.HE	2299281664	30EUR	30EUR	29.17EUR	-1.0EUR(-2.77%)
Mon Nov 19 21:21:16 2018	Helsinki	METSA.HE	2476094464	7.78EUR	7.82EUR	7.8EUR	0.0EUR(0.26%)
Mon Nov 19 21:21:17 2018	Helsinki	CAPMAN.HE	235345616	1.6EUR	1.602EUR	1.6EUR	0.0EUR(0.0%)
Mon Nov 19 21:21:17 2018	Helsinki	ROBIT.HE	59213232	2.87EUR	2.89EUR	2.82EUR	-0.0EUR(-1.74%)
Mon Nov 19 21:21:17 2018	Helsinki	ALTIA.HE	278281856	7.7EUR	7.7EUR	7.7EUR	0.0EUR(0.0%)
Mon Nov 19 21:21:17 2018	Helsinki	TEM1V.HE	7014321	0.0618EUR	0.0616EUR	0.0572EUR	-0.0EUR(-7.44%)
Mon Nov 19 21:21:17 2018	Helsinki	SOSI1.HE	50927172	0.39EUR	0.39EUR	0.3865EUR	-0.0EUR(-0.9%)
Mon Nov 19 21:21:17 2018	Helsinki	PNA1V.HE	52663824	1EUR	0.982EUR	1.01EUR	0.0EUR(1.0%)
Mon Nov 19 21:21:24 2018	Helsinki	CAV1V.HE	732542400	5.325EUR	5.36EUR	5.4EUR	0.0EUR(1.41%)
Mon Nov 19 21:21:24 2018	Helsinki	ROVIO.HE	395390016	5.05EUR	5.08EUR	5EUR	-0.0EUR(-0.99%)
Mon Nov 19 21:21:24 2018	Helsinki	OKDBV.HE	449350080	2.485EUR	2.48EUR	2.485EUR	0.0EUR(0.0%)
Mon Nov 19 21:21:24 2018	Helsinki	TIETO.HE	1920962944	26.58EUR	26.46EUR	26.02EUR	-1.0EUR(-2.11%)
Mon Nov 19 21:21:24 2018	Helsinki	SRV1V.HE	128099152	2.29EUR	2.29EUR	2.15EUR	-0.0EUR(-6.11%)
Mon Nov 19 21:21:24 2018	Helsinki	AM1.HE	1243193600	12.78EUR	12.9EUR	12.94EUR	0.0EUR(1.25%)
Mon Nov 19 21:21:25 2018	Helsinki	PON1V.HE	770488064	27.6EUR	27.65EUR	27.55EUR	-0.0EUR(-0.18%)
Mon Nov 19 21:21:25 2018	Helsinki	VAIAS.HE	597694720	16.4EUR	16.85EUR	16.7EUR	0.0EUR(1.83%)
Mon Nov 19 21:21:25 2018	Helsinki	HARVIA.HE	100948680	5.502EUR	5.501EUR	5.4EUR	-0.0EUR(-1.85%)
Mon Nov 19 21:21:25 2018	Helsinki	ELEAV.HE	36918984	9.6EUR	9.6EUR	9.85EUR	0.0EUR(2.6%)
Mon Nov 19 21:21:25 2018	Helsinki	METSB.HE	2444526848	6.855EUR	6.92EUR	6.785EUR	-0.0EUR(-1.02%)
Mon Nov 19 21:21:25 2018	Helsinki	KELAS.HE	14629707	4.4EUR	4.4EUR	4.34EUR	-0.0EUR(-1.36%)
Mon Nov 19 21:21:32 2018	Helsinki	ENDOM.HE	21362078	0.61EUR	0.62EUR	0.61EUR	0.0EUR(0.0%)
Mon Nov 19 21:21:32 2018	Helsinki	SAA1V.HE	1552787584	9.695EUR	9.69EUR	9.54EUR	-0.0EUR(-1.6%)
Mon Nov 19 21:21:32 2018	Helsinki	VALMT.HE	3010314240	20.3EUR	20.14EUR	20.12EUR	-0.0EUR(-0.89%)
Mon Nov 19 21:21:32 2018	Helsinki	OLVAS.HE	609085696	29EUR	29EUR	29.4EUR	0.0EUR(1.38%)
Mon Nov 19 21:21:33 2018	Helsinki	CGCBV.HE	2328038400	36.16EUR	36.26EUR	36.1EUR	-0.0EUR(-0.17%)
Mon Nov 19 21:21:33 2018	Helsinki	KEMIRA.HE	1630331776	10.77EUR	10.79EUR	10.69EUR	-0.0EUR(-0.74%)
Mon Nov 19 21:21:33 2018	Helsinki	METSO.HE	3907421440	26.59EUR	26.61EUR	26.05EUR	-1.0EUR(-2.03%)
Mon Nov 19 21:21:33 2018	Helsinki	TIK1V.HE	556615168	12.42EUR	12.42EUR	12.62EUR	0.0EUR(1.61%)
Mon Nov 19 21:21:33 2018	Helsinki	AMEAS.HE	3969398016	34.77EUR	34.76EUR	34.45EUR	-0.0EUR(-0.92%)
Mon Nov 19 21:21:33 2018	Helsinki	SSABAH.HE	2951267328	3.434EUR	3.43EUR	3.37EUR	-0.0EUR(-1.86%)
Mon Nov 19 21:21:33 2018	Helsinki	POY1V.HE	437343008	7.26EUR	7.22EUR	7.3EUR	0.0EUR(0.55%)
Mon Nov 19 21:21:40 2018	Helsinki	HKSAV.HE	97585768	1.89EUR	1.884EUR	1.806EUR	-0.0EUR(-4.44%)
Mon Nov 19 21:21:40 2018	Helsinki	TLT1V.HE	110439552	6.1EUR	6.04EUR	6.08EUR	-0.0EUR(-0.33%)
Mon Nov 19 21:21:40 2018	Helsinki	CONSTI.HE	51643360	7.06EUR	6.82EUR	6.74EUR	-0.0EUR(-4.53%)
Mon Nov 19 21:21:40 2018	Helsinki	APETIT.HE	61937376	10.1EUR	10.2EUR	9.98EUR	-0.0EUR(-1.19%)
Mon Nov 19 21:21:40 2018	Helsinki	EQV1V.HE	305428320	8.32EUR	8.32EUR	8.1EUR	-0.0EUR(-2.64%)
Mon Nov 19 21:21:40 2018	Helsinki	QPR1V.HE	20139672	1.7EUR	1.715EUR	1.68EUR	-0.0EUR(-1.18%)
Mon Nov 19 21:21:41 2018	Helsinki	VALOE.HE	4232312	0.28EUR	0.28EUR	0.28EUR	0.0EUR(0.0%)
Mon Nov 19 21:21:41 2018	Helsinki	KESKOA.HE	5100154880	49.7EUR	49.7EUR	49.4EUR	-0.0EUR(-0.6%)
Mon Nov 19 21:21:41 2018	Helsinki	SSABBH.HE	2947947264	2.735EUR	2.752EUR	2.681EUR	-0.0EUR(-1.97%)
Mon Nov 19 21:21:41 2018	Helsinki	MMO1V.HE	174303584	22.2EUR	22EUR	21.6EUR	-1.0EUR(-2.7%)
Mon Nov 19 21:21:41 2018	Helsinki	ORNAV.HE	4189347328	29.7EUR	29.8EUR	29.6EUR	-0.0EUR(-0.34%)
Mon Nov 19 21:21:41 2018	Helsinki	SAGCV.HE	31680000	8.86EUR	8.9EUR	8.8EUR	-0.0EUR(-0.68%)
Mon Nov 19 21:21:48 2018	Helsinki	KESKOB.HE	5107815936	52.82EUR	52.82EUR	52.58EUR	-0.0EUR(-0.45%)
Mon Nov 19 21:21:48 2018	Helsinki	SSH1V.HE	69067912	1.795EUR	1.75EUR	1.78EUR	-0.0EUR(-0.84%)
Mon Nov 19 21:21:48 2018	Helsinki	VIK1V.HE	142560000	13.1EUR	13.2EUR	13.2EUR	0.0EUR(0.76%)
Mon Nov 19 21:21:48 2018	Helsinki	TNOM.HE	123945016	18.25EUR	18.1EUR	18.05EUR	-0.0EUR(-1.1%)
Mon Nov 19 21:21:48 2018	Helsinki	HOIVA.HE	207075104	8.33EUR	8.34EUR	8.14EUR	-0.0EUR(-2.28%)
Mon Nov 19 21:21:49 2018	Helsinki	CRA1V.HE	722544512	16.58EUR	16.65EUR	16.21EUR	-0.0EUR(-2.23%)
Mon Nov 19 21:21:49 2018	Helsinki	NDA-FI.HE	None	8.02EUR	8.032EUR	7.9EUR	-0.0EUR(-1.5%)
Mon Nov 19 21:21:49 2018	Helsinki	ASPO.HE	288759264	9.32EUR	9.32EUR	9.28EUR	-0.0EUR(-0.43%)
Mon Nov 19 21:21:49 2018	Helsinki	SAMPO.HE	22411200512	40.3EUR	40.45EUR	40.02EUR	-0.0EUR(-0.69%)
Mon Nov 19 21:21:49 2018	Helsinki	ORNBV.HE	4175436544	29.94EUR	30.12EUR	29.74EUR	-0.0EUR(-0.67%)
Mon Nov 19 21:21:49 2018	Helsinki	ETTE.HE	205481552	7.96EUR	7.96EUR	8.26EUR	0.0EUR(3.77%)
Mon Nov 19 21:21:49 2018	Helsinki	QTCOM.HE	190338400	8.16EUR	8.16EUR	8EUR	-0.0EUR(-1.96%)
Mon Nov 19 21:21:56 2018	Helsinki	NEO1V.HE	14810321	2.42EUR	2.42EUR	2.49EUR	0.0EUR(2.89%)
Mon Nov 19 21:21:56 2018	Helsinki	CTH1V.HE	29213930	0.1678EUR	0.166EUR	0.1648EUR	-0.0EUR(-1.79%)
Mon Nov 19 21:21:56 2018	Helsinki	STCAS.HE	190999056	2.66EUR	2.74EUR	2.68EUR	0.0EUR(0.75%)
Mon Nov 19 21:21:56 2018	Helsinki	OTE1V.HE	660515840	3.691EUR	3.736EUR	3.634EUR	-0.0EUR(-1.54%)
Mon Nov 19 21:21:57 2018	Helsinki	SCANFL.HE	253382192	4EUR	4.01EUR	3.96EUR	-0.0EUR(-1.0%)
Mon Nov 19 21:21:57 2018	Helsinki	KNEBV.HE	22118076416	43.23EUR	43.24EUR	42.86EUR	-0.0EUR(-0.86%)
Mon Nov 19 21:21:57 2018	Helsinki	EVLI.HE	186127120	7.86EUR	8EUR	7.98EUR	0.0EUR(1.53%)
Mon Nov 19 21:21:57 2018	Helsinki	RAIVV.HE	421174464	2.69EUR	2.69EUR	2.685EUR	-0.0EUR(-0.19%)
Mon Nov 19 21:21:57 2018	Helsinki	WRT1V.HE	8568148992	14.8EUR	14.8EUR	14.48EUR	-0.0EUR(-2.16%)
Mon Nov 19 21:21:57 2018	Helsinki	TOKMAN.HE	441810336	7.545EUR	7.55EUR	7.505EUR	-0.0EUR(-0.53%)
Mon Nov 19 21:21:57 2018	Helsinki	HONBS.HE	15611571	2.5EUR	2.55EUR	2.67EUR	0.0EUR(6.8%)
Mon Nov 19 21:22:04 2018	Helsinki	WUF1V.HE	9901514	1.45EUR	1.45EUR	1.45EUR	0.0EUR(0.0%)
Mon Nov 19 21:22:04 2018	Helsinki	HUH1V.HE	2682452736	25.58EUR	25.59EUR	25.71EUR	0.0EUR(0.51%)
Mon Nov 19 21:22:13 2018	Helsinki	YIT.HE	1127963008	5.325EUR	5.305EUR	5.37EUR	0.0EUR(0.85%)
Mon Nov 19 21:22:20 2018	Helsinki	YLEPS.HE	20717300	8EUR	8.2EUR	8.2EUR	0.0EUR(2.5%)
Tue Nov 20 16:16:20 2018	Helsinki	ACG1V.HE	23332750	3.72EUR	3.71EUR	3.5EUR	-0.0EUR(-5.91%)
Tue Nov 20 16:16:28 2018	Helsinki	AKTIA.HE	431139392	9.54EUR	9.49EUR	9.27EUR	-0.0EUR(-2.83%)
Tue Nov 20 16:16:28 2018	Helsinki	ALTIA.HE	274667808	7.7EUR	7.699EUR	7.6EUR	-0.0EUR(-1.3%)
Tue Nov 20 16:16:29 2018	Helsinki	AMEAS.HE	3919852544	34.45EUR	34.31EUR	34.02EUR	-0.0EUR(-1.25%)
Tue Nov 20 16:16:29 2018	Helsinki	ALBBV.HE	209967104	13.3EUR	13.35EUR	13.3EUR	0.0EUR(0.0%)
Tue Nov 20 16:16:29 2018	Helsinki	AFAGR.HE	206848672	0.812EUR	0.81EUR	0.795EUR	-0.0EUR(-2.09%)
Tue Nov 20 16:16:36 2018	Helsinki	AM1.HE	1116376320	11.28647EUR	12.12EUR	11.62EUR	0.0EUR(2.96%)
Tue Nov 20 16:16:36 2018	Helsinki	APETIT.HE	61937376	9.98EUR	10EUR	9.98EUR	0.0EUR(0.0%)
Tue Nov 20 16:16:37 2018	Helsinki	ALMA.HE	542169536	6.68EUR	6.64EUR	6.6EUR	-0.0EUR(-1.2%)
Tue Nov 20 16:16:37 2018	Helsinki	ALBAV.HE	210756000	14.1EUR	14EUR	14EUR	-0.0EUR(-0.71%)
Tue Nov 20 16:16:44 2018	Helsinki	ASPO.HE	284403008	9.28EUR	9.18EUR	9.14EUR	-0.0EUR(-1.51%)
Tue Nov 20 16:19:12 2018	Helsinki	ACG1V.HE	23332750	3.72EUR	3.71EUR	3.5EUR	-0.0EUR(-5.91%)
Tue Nov 20 16:19:19 2018	Helsinki	AKTIA.HE	431139392	9.54EUR	9.49EUR	9.27EUR	-0.0EUR(-2.83%)
Tue Nov 20 16:19:20 2018	Helsinki	ALBBV.HE	209967104	13.3EUR	13.35EUR	13.3EUR	0.0EUR(0.0%)
Tue Nov 20 16:19:20 2018	Helsinki	ALTIA.HE	273944992	7.7EUR	7.699EUR	7.58EUR	-0.0EUR(-1.56%)
Tue Nov 20 16:19:20 2018	Helsinki	AMEAS.HE	3918700032	34.45EUR	34.31EUR	34.01EUR	-0.0EUR(-1.28%)
Tue Nov 20 16:22:02 2018	Helsinki	ACG1V.HE	23332750	3.72EUR	3.71EUR	3.5EUR	-0.0EUR(-5.91%)
Tue Nov 20 16:22:10 2018	Helsinki	AKTIA.HE	430209184	9.54EUR	9.49EUR	9.25EUR	-0.0EUR(-3.04%)
Tue Nov 20 16:22:11 2018	Helsinki	ALTIA.HE	273944992	7.7EUR	7.699EUR	7.58EUR	-0.0EUR(-1.56%)
Tue Nov 20 16:22:11 2018	Helsinki	ALBBV.HE	209967104	13.3EUR	13.35EUR	13.3EUR	0.0EUR(0.0%)
Tue Nov 20 16:23:30 2018	Helsinki	ACG1V.HE	23332750	3.72EUR	3.71EUR	3.5EUR	-0.0EUR(-5.91%)
Tue Nov 20 16:23:38 2018	Helsinki	AKTIA.HE	430209184	9.54EUR	9.49EUR	9.25EUR	-0.0EUR(-3.04%)
Tue Nov 20 16:23:38 2018	Helsinki	ALTIA.HE	273944992	7.7EUR	7.699EUR	7.58EUR	-0.0EUR(-1.56%)
Tue Nov 20 16:23:38 2018	Helsinki	ALBBV.HE	209967104	13.3EUR	13.35EUR	13.3EUR	0.0EUR(0.0%)
Tue Nov 20 16:23:45 2018	None	AMEAS.HE	None	Tue Nov 20 16:25:48 2018	Helsinki	ACG1V.HE	23332750	3.72EUR	3.71EUR	3.5EUR	-0.0EUR(-5.91%)
Tue Nov 20 16:25:49 2018	Helsinki	AFAGR.HE	206848672	0.812EUR	0.81EUR	0.795EUR	-0.0EUR(-2.09%)
Tue Nov 20 16:25:50 2018	Helsinki	AKTIA.HE	430209184	9.54EUR	9.49EUR	9.25EUR	-0.0EUR(-3.04%)
Tue Nov 20 16:25:50 2018	Helsinki	AMEAS.HE	3918700032	34.45EUR	34.31EUR	34.01EUR	-0.0EUR(-1.28%)
Tue Nov 20 16:25:50 2018	Helsinki	ALBBV.HE	209967104	13.3EUR	13.35EUR	13.3EUR	0.0EUR(0.0%)
Tue Nov 20 16:25:51 2018	Helsinki	ALTIA.HE	273944992	7.7EUR	7.699EUR	7.58EUR	-0.0EUR(-1.56%)
Tue Nov 20 16:25:58 2018	Helsinki	AM1.HE	1114454912	11.28647EUR	12.12EUR	11.6EUR	0.0EUR(2.78%)
Tue Nov 20 16:25:58 2018	Helsinki	ALBAV.HE	210756000	14.1EUR	14EUR	14EUR	-0.0EUR(-0.71%)
Tue Nov 20 16:25:59 2018	Helsinki	APETIT.HE	61937376	9.98EUR	10EUR	9.98EUR	0.0EUR(0.0%)
Tue Nov 20 16:26:07 2018	Helsinki	ASPO.HE	284403008	9.28EUR	9.18EUR	9.14EUR	-0.0EUR(-1.51%)
Tue Nov 20 16:27:12 2018	Helsinki	ACG1V.HE	23332750	3.72EUR	3.71EUR	3.5EUR	-0.0EUR(-5.91%)
Tue Nov 20 16:27:19 2018	Helsinki	AFAGR.HE	206848672	0.812EUR	0.81EUR	0.795EUR	-0.0EUR(-2.09%)
Tue Nov 20 16:27:19 2018	Helsinki	AKTIA.HE	430209184	9.54EUR	9.49EUR	9.25EUR	-0.0EUR(-3.04%)
Tue Nov 20 16:27:20 2018	Helsinki	AMEAS.HE	3921004544	34.45EUR	34.31EUR	34.03EUR	-0.0EUR(-1.22%)
Tue Nov 20 16:27:20 2018	Helsinki	ALTIA.HE	273944992	7.7EUR	7.699EUR	7.58EUR	-0.0EUR(-1.56%)
Tue Nov 20 16:27:20 2018	Helsinki	ALBBV.HE	209967104	13.3EUR	13.35EUR	13.3EUR	0.0EUR(0.0%)
Tue Nov 20 16:27:27 2018	Helsinki	ALBAV.HE	210756000	14.1EUR	14EUR	14EUR	-0.0EUR(-0.71%)
Tue Nov 20 16:27:27 2018	Helsinki	APETIT.HE	61937376	9.98EUR	10EUR	9.98EUR	0.0EUR(0.0%)
Tue Nov 20 16:27:27 2018	Helsinki	AM1.HE	1114454912	11.28647EUR	12.12EUR	11.6EUR	0.0EUR(2.78%)
Tue Nov 20 16:27:36 2018	Helsinki	ASPO.HE	283780640	9.28EUR	9.18EUR	9.12EUR	-0.0EUR(-1.72%)
Tue Nov 20 16:39:53 2018	Helsinki	ALTIA.HE	273944992	7.7EUR	7.699EUR	7.58EUR	-0.0EUR(-1.56%)
Tue Nov 20 16:40:00 2018	Helsinki	AMEAS.HE	3926766080	34.45EUR	34.31EUR	34.08EUR	-0.0EUR(-1.07%)
Tue Nov 20 16:40:01 2018	Helsinki	ACG1V.HE	23332750	3.72EUR	3.71EUR	3.5EUR	-0.0EUR(-5.91%)
Tue Nov 20 16:42:09 2018	Helsinki	AKTIA.HE	430674272	9.54EUR	9.49EUR	9.26EUR	-0.0EUR(-2.94%)
Tue Nov 20 16:42:17 2018	Helsinki	AMEAS.HE	3923309056	34.45EUR	34.31EUR	34.05EUR	-0.0EUR(-1.16%)
Tue Nov 20 16:42:18 2018	Helsinki	ACG1V.HE	23332750	3.72EUR	3.71EUR	3.5EUR	-0.0EUR(-5.91%)
Tue Nov 20 16:42:18 2018	Helsinki	ALTIA.HE	273944992	7.7EUR	7.699EUR	7.58EUR	-0.0EUR(-1.56%)
Tue Nov 20 16:42:18 2018	Helsinki	ALBBV.HE	209967104	13.3EUR	13.35EUR	13.3EUR	0.0EUR(0.0%)
Tue Nov 20 16:42:18 2018	Helsinki	ALBAV.HE	210756000	14.1EUR	14EUR	14EUR	-0.0EUR(-0.71%)
Tue Nov 20 16:42:25 2018	Helsinki	ALMA.HE	542169536	6.68EUR	6.64EUR	6.6EUR	-0.0EUR(-1.2%)
Tue Nov 20 16:42:25 2018	Helsinki	AM1.HE	1110611968	11.28647EUR	12.12EUR	11.56EUR	0.0EUR(2.42%)
Tue Nov 20 16:42:25 2018	Helsinki	AFAGR.HE	206848672	0.812EUR	0.81EUR	0.795EUR	-0.0EUR(-2.09%)
Tue Nov 20 16:42:25 2018	Helsinki	APETIT.HE	61937376	9.98EUR	10EUR	9.98EUR	0.0EUR(0.0%)
Tue Nov 20 16:42:34 2018	Helsinki	ASPO.HE	283780640	9.28EUR	9.18EUR	9.12EUR	-0.0EUR(-1.72%)
Wed Nov 21 16:27:05 2018	Helsinki	ALTIA.HE	272824640	7.6EUR	7.599EUR	7.549EUR	-0.0EUR(-0.67%)
Wed Nov 21 16:27:13 2018	Helsinki	AKTIA.HE	430674272	9.16EUR	9.12EUR	9.26EUR	0.0EUR(1.09%)
Wed Nov 21 16:27:13 2018	Helsinki	ACG1V.HE	24599386	3.55EUR	3.72EUR	3.69EUR	0.0EUR(3.94%)
Wed Nov 21 16:27:13 2018	Helsinki	AMEAS.HE	3880677120	33.8EUR	33.81EUR	33.68EUR	-0.0EUR(-0.36%)
Wed Nov 21 16:27:13 2018	Helsinki	ALBBV.HE	209177744	13.45EUR	13.25EUR	13.25EUR	-0.0EUR(-1.49%)
Wed Nov 21 16:28:06 2018	Helsinki	ACG1V.HE	24599386	3.55EUR	3.72EUR	3.69EUR	0.0EUR(3.94%)
Wed Nov 21 16:28:13 2018	Helsinki	AFAGR.HE	207108864	0.803EUR	0.809EUR	0.796EUR	-0.0EUR(-0.87%)
Wed Nov 21 16:28:14 2018	Helsinki	AKTIA.HE	430674272	9.16EUR	9.12EUR	9.26EUR	0.0EUR(1.09%)
Wed Nov 21 16:28:14 2018	Helsinki	AMEAS.HE	3882981376	33.8EUR	33.81EUR	33.7EUR	-0.0EUR(-0.3%)
Wed Nov 21 16:28:14 2018	Helsinki	ALBBV.HE	209177744	13.45EUR	13.25EUR	13.25EUR	-0.0EUR(-1.49%)
Wed Nov 21 16:28:14 2018	Helsinki	ALTIA.HE	272824640	7.6EUR	7.599EUR	7.549EUR	-0.0EUR(-0.67%)
Wed Nov 21 16:50:41 2018	Helsinki	ACG1V.HE	24599386	3.55EUR	3.72EUR	3.69EUR	0.0EUR(3.94%)
Wed Nov 21 16:50:49 2018	Helsinki	ALBBV.HE	209177744	13.45EUR	13.25EUR	13.25EUR	-0.0EUR(-1.49%)
Wed Nov 21 16:50:49 2018	Helsinki	AMEAS.HE	3895655936	33.8EUR	33.81EUR	33.81EUR	0.0EUR(0.03%)
Wed Nov 21 16:50:50 2018	Helsinki	ALTIA.HE	272860768	7.6EUR	7.599EUR	7.55EUR	-0.0EUR(-0.66%)
Wed Nov 21 16:50:50 2018	Helsinki	AKTIA.HE	430209184	9.16EUR	9.12EUR	9.25EUR	0.0EUR(0.98%)
Wed Nov 21 16:51:22 2018	Helsinki	ACG1V.HE	24599386	3.55EUR	3.72EUR	3.69EUR	0.0EUR(3.94%)
Wed Nov 21 16:51:30 2018	Helsinki	ALBBV.HE	209177744	13.45EUR	13.25EUR	13.25EUR	-0.0EUR(-1.49%)
Wed Nov 21 16:51:30 2018	Helsinki	AMEAS.HE	3892198912	33.8EUR	33.81EUR	33.78EUR	-0.0EUR(-0.06%)
Wed Nov 21 16:51:30 2018	Helsinki	ALTIA.HE	272860768	7.6EUR	7.599EUR	7.55EUR	-0.0EUR(-0.66%)
Wed Nov 21 16:51:30 2018	Helsinki	AKTIA.HE	430209184	9.16EUR	9.12EUR	9.25EUR	0.0EUR(0.98%)
Wed Nov 21 16:52:21 2018	Helsinki	ACG1V.HE	24599386	3.55EUR	3.72EUR	3.69EUR	0.0EUR(3.94%)
Wed Nov 21 16:52:28 2018	Helsinki	AFAGR.HE	208149616	0.803EUR	0.809EUR	0.8EUR	-0.0EUR(-0.37%)
Wed Nov 21 16:52:28 2018	Helsinki	ALBBV.HE	209177744	13.45EUR	13.25EUR	13.25EUR	-0.0EUR(-1.49%)
Wed Nov 21 16:52:29 2018	Helsinki	AMEAS.HE	3887590400	33.8EUR	33.81EUR	33.74EUR	-0.0EUR(-0.18%)
Wed Nov 21 16:52:29 2018	Helsinki	AKTIA.HE	430209184	9.16EUR	9.12EUR	9.25EUR	0.0EUR(0.98%)
Wed Nov 21 16:52:29 2018	Helsinki	ALTIA.HE	272860768	7.6EUR	7.599EUR	7.55EUR	-0.0EUR(-0.66%)
Wed Nov 21 16:52:37 2018	Helsinki	ALBAV.HE	210756000	14EUR	14EUR	14EUR	0.0EUR(0.0%)
Wed Nov 21 16:52:37 2018	Helsinki	APETIT.HE	61937376	9.98EUR	10.15EUR	9.98EUR	0.0EUR(0.0%)
Wed Nov 21 16:52:37 2018	Helsinki	AM1.HE	1124062208	11.56EUR	11.58EUR	11.7EUR	0.0EUR(1.21%)
Wed Nov 21 16:52:38 2018	Helsinki	ALMA.HE	550384192	6.6EUR	6.64EUR	6.7EUR	0.0EUR(1.52%)
Wed Nov 21 16:52:45 2018	Helsinki	ASPO.HE	285647648	9.1EUR	9.1EUR	9.18EUR	0.0EUR(0.88%)
Wed Nov 21 16:54:01 2018	Helsinki	ALTIA.HE	272860768	7.6EUR	7.599EUR	7.55EUR	-0.0EUR(-0.66%)
Wed Nov 21 16:54:09 2018	Helsinki	AKTIA.HE	430674272	9.16EUR	9.12EUR	9.26EUR	0.0EUR(1.09%)
Wed Nov 21 16:54:09 2018	Helsinki	ALBBV.HE	209177744	13.45EUR	13.25EUR	13.25EUR	-0.0EUR(-1.49%)
Wed Nov 21 16:54:09 2018	Helsinki	AMEAS.HE	3887590400	33.8EUR	33.81EUR	33.74EUR	-0.0EUR(-0.18%)
Wed Nov 21 16:54:09 2018	Helsinki	ACG1V.HE	24599386	3.55EUR	3.72EUR	3.69EUR	0.0EUR(3.94%)
Wed Nov 21 16:54:29 2018	Helsinki	AKTIA.HE	430674272	9.16EUR	9.12EUR	9.26EUR	0.0EUR(1.09%)
Wed Nov 21 16:54:36 2018	Helsinki	ALBAV.HE	210756000	14EUR	14EUR	14EUR	0.0EUR(0.0%)
Wed Nov 21 16:54:36 2018	Helsinki	ALTIA.HE	272860768	7.6EUR	7.599EUR	7.55EUR	-0.0EUR(-0.66%)
Wed Nov 21 16:54:36 2018	Helsinki	ACG1V.HE	24599386	3.55EUR	3.72EUR	3.69EUR	0.0EUR(3.94%)
Wed Nov 21 16:54:36 2018	Helsinki	ALBBV.HE	209177744	13.45EUR	13.25EUR	13.25EUR	-0.0EUR(-1.49%)
Wed Nov 21 16:54:37 2018	Helsinki	AMEAS.HE	3887590400	33.8EUR	33.81EUR	33.74EUR	-0.0EUR(-0.18%)
Wed Nov 21 16:54:44 2018	Helsinki	AFAGR.HE	208409792	0.803EUR	0.809EUR	0.801EUR	-0.0EUR(-0.25%)
Wed Nov 21 16:54:44 2018	Helsinki	AM1.HE	1124062208	11.56EUR	11.58EUR	11.7EUR	0.0EUR(1.21%)
Wed Nov 21 16:54:44 2018	Helsinki	ALMA.HE	550384192	6.6EUR	6.64EUR	6.7EUR	0.0EUR(1.52%)
Wed Nov 21 16:54:45 2018	Helsinki	APETIT.HE	61937376	9.98EUR	10.15EUR	9.98EUR	0.0EUR(0.0%)
Wed Nov 21 16:54:52 2018	Helsinki	ASPO.HE	285647648	9.1EUR	9.1EUR	9.18EUR	0.0EUR(0.88%)
Wed Nov 21 17:00:18 2018	Helsinki	ALBBV.HE	209177744	13.45EUR	13.25EUR	13.25EUR	-0.0EUR(-1.49%)
Wed Nov 21 17:00:26 2018	Helsinki	ALTIA.HE	272860768	7.6EUR	7.599EUR	7.55EUR	-0.0EUR(-0.66%)
Wed Nov 21 17:00:26 2018	Helsinki	AKTIA.HE	430674272	9.16EUR	9.12EUR	9.26EUR	0.0EUR(1.09%)
Wed Nov 21 17:00:26 2018	Helsinki	AMEAS.HE	3899112448	33.8EUR	33.81EUR	33.84EUR	0.0EUR(0.12%)
Wed Nov 21 17:00:26 2018	Helsinki	ACG1V.HE	24599386	3.55EUR	3.72EUR	3.69EUR	0.0EUR(3.94%)
Wed Nov 21 17:00:27 2018	Helsinki	ALMA.HE	550384192	6.6EUR	6.64EUR	6.7EUR	0.0EUR(1.52%)
Wed Nov 21 17:00:34 2018	Helsinki	AM1.HE	1124062208	11.56EUR	11.58EUR	11.7EUR	0.0EUR(1.21%)
Wed Nov 21 17:00:35 2018	Helsinki	APETIT.HE	61937376	9.98EUR	10.15EUR	9.98EUR	0.0EUR(0.0%)
Wed Nov 21 17:00:35 2018	Helsinki	AFAGR.HE	208409792	0.803EUR	0.809EUR	0.801EUR	-0.0EUR(-0.25%)
Wed Nov 21 17:00:35 2018	Helsinki	ALBAV.HE	210756000	14EUR	14EUR	14EUR	0.0EUR(0.0%)
Wed Nov 21 17:00:42 2018	Helsinki	ASPO.HE	285647648	9.1EUR	9.1EUR	9.18EUR	0.0EUR(0.88%)
Wed Nov 21 17:01:13 2018	Helsinki	ALTIA.HE	272860768	7.6EUR	7.599EUR	7.55EUR	-0.0EUR(-0.66%)
Wed Nov 21 17:01:20 2018	Helsinki	AM1.HE	1124062208	11.56EUR	11.58EUR	11.7EUR	0.0EUR(1.21%)
Wed Nov 21 17:01:20 2018	Helsinki	ALBBV.HE	209177744	13.45EUR	13.25EUR	13.25EUR	-0.0EUR(-1.49%)
Wed Nov 21 17:01:21 2018	Helsinki	ACG1V.HE	24599386	3.55EUR	3.72EUR	3.69EUR	0.0EUR(3.94%)
Wed Nov 21 17:01:21 2018	Helsinki	AMEAS.HE	3899112448	33.8EUR	33.81EUR	33.84EUR	0.0EUR(0.12%)
Wed Nov 21 17:01:21 2018	Helsinki	AKTIA.HE	430674272	9.16EUR	9.12EUR	9.26EUR	0.0EUR(1.09%)
Wed Nov 21 17:01:28 2018	Helsinki	ALMA.HE	550384192	6.6EUR	6.64EUR	6.7EUR	0.0EUR(1.52%)
Wed Nov 21 17:01:28 2018	Helsinki	APETIT.HE	61937376	9.98EUR	10.15EUR	9.98EUR	0.0EUR(0.0%)
Wed Nov 21 17:01:28 2018	Helsinki	AFAGR.HE	208409792	0.803EUR	0.809EUR	0.801EUR	-0.0EUR(-0.25%)
Wed Nov 21 17:01:28 2018	Helsinki	ALBAV.HE	210756000	14EUR	14EUR	14EUR	0.0EUR(0.0%)
Wed Nov 21 17:01:36 2018	Helsinki	ASPO.HE	285647648	9.1EUR	9.1EUR	9.18EUR	0.0EUR(0.88%)
Wed Nov 21 17:02:11 2018	Helsinki	ALTIA.HE	272860768	7.6EUR	7.599EUR	7.55EUR	-0.0EUR(-0.66%)
Wed Nov 21 17:02:19 2018	Helsinki	AM1.HE	1122140800	11.56EUR	11.58EUR	11.68EUR	0.0EUR(1.04%)
Wed Nov 21 17:02:19 2018	Helsinki	AMEAS.HE	3899112448	33.8EUR	33.81EUR	33.84EUR	0.0EUR(0.12%)
Wed Nov 21 17:02:19 2018	Helsinki	ACG1V.HE	24599386	3.55EUR	3.72EUR	3.69EUR	0.0EUR(3.94%)
Wed Nov 21 17:02:20 2018	Helsinki	AKTIA.HE	430674272	9.16EUR	9.12EUR	9.26EUR	0.0EUR(1.09%)
Wed Nov 21 17:02:20 2018	Helsinki	ALBBV.HE	209177744	13.45EUR	13.25EUR	13.25EUR	-0.0EUR(-1.49%)
Wed Nov 21 17:02:27 2018	Helsinki	APETIT.HE	61937376	9.98EUR	10.15EUR	9.98EUR	0.0EUR(0.0%)
Wed Nov 21 17:02:27 2018	Helsinki	ALMA.HE	550384192	6.6EUR	6.64EUR	6.7EUR	0.0EUR(1.52%)
Wed Nov 21 17:02:27 2018	Helsinki	AFAGR.HE	208409792	0.803EUR	0.809EUR	0.801EUR	-0.0EUR(-0.25%)
Wed Nov 21 17:02:27 2018	Helsinki	ALBAV.HE	210756000	14EUR	14EUR	14EUR	0.0EUR(0.0%)
Wed Nov 21 17:02:35 2018	Helsinki	ASPO.HE	285647648	9.1EUR	9.1EUR	9.18EUR	0.0EUR(0.88%)
Wed Nov 21 17:03:44 2018	Helsinki	ALBBV.HE	209177744	13.45EUR	13.25EUR	13.25EUR	-0.0EUR(-1.49%)
Wed Nov 21 17:03:51 2018	Helsinki	AMEAS.HE	3899112448	33.8EUR	33.81EUR	33.84EUR	0.0EUR(0.12%)
Wed Nov 21 17:03:51 2018	Helsinki	ALTIA.HE	272860768	7.6EUR	7.599EUR	7.55EUR	-0.0EUR(-0.66%)
Wed Nov 21 17:03:51 2018	Helsinki	ACG1V.HE	24599386	3.55EUR	3.72EUR	3.69EUR	0.0EUR(3.94%)
Wed Nov 21 17:03:52 2018	Helsinki	AKTIA.HE	430674272	9.16EUR	9.12EUR	9.26EUR	0.0EUR(1.09%)
Wed Nov 21 17:04:20 2018	Helsinki	ALTIA.HE	272860768	7.6EUR	7.599EUR	7.55EUR	-0.0EUR(-0.66%)
Wed Nov 21 17:04:28 2018	Helsinki	ALBBV.HE	209177744	13.45EUR	13.25EUR	13.25EUR	-0.0EUR(-1.49%)
Wed Nov 21 17:04:28 2018	Helsinki	AKTIA.HE	430674272	9.16EUR	9.12EUR	9.26EUR	0.0EUR(1.09%)
Wed Nov 21 17:04:28 2018	Helsinki	ACG1V.HE	24599386	3.55EUR	3.72EUR	3.69EUR	0.0EUR(3.94%)
Wed Nov 21 17:04:28 2018	Helsinki	AMEAS.HE	3897960448	33.8EUR	33.81EUR	33.83EUR	0.0EUR(0.09%)
Wed Nov 21 17:06:04 2018	Helsinki	AKTIA.HE	430674272	9.16EUR	9.12EUR	9.26EUR	0.0EUR(1.09%)
Wed Nov 21 17:06:11 2018	Helsinki	ALBAV.HE	210756000	14EUR	14EUR	14EUR	0.0EUR(0.0%)
Wed Nov 21 17:06:11 2018	Helsinki	AMEAS.HE	3904873472	33.8EUR	33.81EUR	33.89EUR	0.0EUR(0.27%)
Wed Nov 21 17:06:11 2018	Helsinki	ACG1V.HE	24599386	3.55EUR	3.72EUR	3.69EUR	0.0EUR(3.94%)
Wed Nov 21 17:06:12 2018	Helsinki	ALTIA.HE	272860768	7.6EUR	7.599EUR	7.55EUR	-0.0EUR(-0.66%)
Wed Nov 21 17:06:12 2018	Helsinki	ALBBV.HE	209177744	13.45EUR	13.25EUR	13.25EUR	-0.0EUR(-1.49%)
Wed Nov 21 17:06:19 2018	Helsinki	ALMA.HE	550384192	6.6EUR	6.64EUR	6.7EUR	0.0EUR(1.52%)
Wed Nov 21 17:06:19 2018	Helsinki	APETIT.HE	61937376	9.98EUR	10.15EUR	9.98EUR	0.0EUR(0.0%)
Wed Nov 21 17:06:19 2018	Helsinki	AFAGR.HE	208409792	0.803EUR	0.809EUR	0.801EUR	-0.0EUR(-0.25%)
Wed Nov 21 17:06:19 2018	Helsinki	AM1.HE	1122140800	11.56EUR	11.58EUR	11.68EUR	0.0EUR(1.04%)
Wed Nov 21 17:06:27 2018	Helsinki	ASPO.HE	285647648	9.1EUR	9.1EUR	9.18EUR	0.0EUR(0.88%)
Wed Nov 21 17:07:04 2018	Helsinki	ALBBV.HE	209177744	13.45EUR	13.25EUR	13.25EUR	-0.0EUR(-1.49%)
Wed Nov 21 17:07:12 2018	Helsinki	ALMA.HE	550384192	6.6EUR	6.64EUR	6.7EUR	0.0EUR(1.52%)
Wed Nov 21 17:07:12 2018	Helsinki	ALTIA.HE	272860768	7.6EUR	7.599EUR	7.55EUR	-0.0EUR(-0.66%)
Wed Nov 21 17:07:12 2018	Helsinki	AKTIA.HE	430674272	9.16EUR	9.12EUR	9.26EUR	0.0EUR(1.09%)
Wed Nov 21 17:07:12 2018	Helsinki	ACG1V.HE	24599386	3.55EUR	3.72EUR	3.69EUR	0.0EUR(3.94%)
Wed Nov 21 17:07:12 2018	Helsinki	AMEAS.HE	3906025984	33.8EUR	33.81EUR	33.9EUR	0.0EUR(0.3%)
Wed Nov 21 17:07:20 2018	Helsinki	AFAGR.HE	208409792	0.803EUR	0.809EUR	0.801EUR	-0.0EUR(-0.25%)
Wed Nov 21 17:07:20 2018	Helsinki	ALBAV.HE	210756000	14EUR	14EUR	14EUR	0.0EUR(0.0%)
Wed Nov 21 17:07:20 2018	Helsinki	APETIT.HE	61937376	9.98EUR	10.15EUR	9.98EUR	0.0EUR(0.0%)
Wed Nov 21 17:07:20 2018	Helsinki	AM1.HE	1122140800	11.56EUR	11.58EUR	11.68EUR	0.0EUR(1.04%)
Wed Nov 21 17:07:29 2018	Helsinki	ASPO.HE	285647648	9.1EUR	9.1EUR	9.18EUR	0.0EUR(0.88%)
Wed Nov 21 17:08:08 2018	Helsinki	ALTIA.HE	272860768	7.6EUR	7.599EUR	7.55EUR	-0.0EUR(-0.66%)
Wed Nov 21 17:08:16 2018	Helsinki	AM1.HE	1122140800	11.56EUR	11.58EUR	11.68EUR	0.0EUR(1.04%)
Wed Nov 21 17:08:16 2018	Helsinki	AMEAS.HE	3904873472	33.8EUR	33.81EUR	33.89EUR	0.0EUR(0.27%)
Wed Nov 21 17:08:16 2018	Helsinki	ACG1V.HE	24599386	3.55EUR	3.72EUR	3.69EUR	0.0EUR(3.94%)
Wed Nov 21 17:08:17 2018	Helsinki	ALBBV.HE	209177744	13.45EUR	13.25EUR	13.25EUR	-0.0EUR(-1.49%)
Wed Nov 21 17:08:17 2018	Helsinki	AKTIA.HE	430674272	9.16EUR	9.12EUR	9.26EUR	0.0EUR(1.09%)
Wed Nov 21 17:08:24 2018	Helsinki	ALMA.HE	550384192	6.6EUR	6.64EUR	6.7EUR	0.0EUR(1.52%)
Wed Nov 21 17:08:24 2018	Helsinki	ALBAV.HE	210756000	14EUR	14EUR	14EUR	0.0EUR(0.0%)
Wed Nov 21 17:08:24 2018	Helsinki	APETIT.HE	61937376	9.98EUR	10.15EUR	9.98EUR	0.0EUR(0.0%)
Wed Nov 21 17:08:24 2018	Helsinki	AFAGR.HE	208409792	0.803EUR	0.809EUR	0.801EUR	-0.0EUR(-0.25%)
Wed Nov 21 17:08:32 2018	Helsinki	ASPO.HE	285647648	9.1EUR	9.1EUR	9.18EUR	0.0EUR(0.88%)
